# JRE version: OpenJDK Runtime Environment (17.0.6) (build 17.0.6+0-b2043.56-10027231)
# Java VM: OpenJDK 64-Bit Server VM (17.0.6+0-b2043.56-10027231, mixed mode, tiered, compressed oops, compressed class ptrs, g1 gc, windows-amd64)
GC Precious Log:
 CPUs: 8 total, 8 available
 Memory: 7916M
 Large Page Support: Disabled
 NUMA Support: Disabled
 Compressed Oops: Enabled (32-bit)
 Heap Region Size: 1M
 Heap Min Capacity: 8M
 Heap Initial Capacity: 124M
 Heap Max Capacity: 2G
 Pre-touch: Disabled
 Parallel Workers: 8
 Concurrent Workers: 2
 Concurrent Refinement Workers: 8
 Periodic GC: Disabled
Heap:
 garbage-first heap   total 473088K, used 273143K [0x0000000080000000, 0x0000000100000000)
  region size 1024K, 95 young (97280K), 1 survivors (1024K)
 Metaspace       used 146022K, committed 146752K, reserved 1179648K
  class space    used 17651K, committed 17984K, reserved 1048576K
GC Heap History (20 events):
Event: 246.954 GC heap before
{Heap before GC invocations=184 (full 0):
 garbage-first heap   total 473088K, used 415855K [0x0000000080000000, 0x0000000100000000)
  region size 1024K, 233 young (238592K), 5 survivors (5120K)
 Metaspace       used 145866K, committed 146560K, reserved 1179648K
  class space    used 17629K, committed 17984K, reserved 1048576K
}
Event: 246.958 GC heap after
{Heap after GC invocations=185 (full 0):
 garbage-first heap   total 473088K, used 182739K [0x0000000080000000, 0x0000000100000000)
  region size 1024K, 3 young (3072K), 3 survivors (3072K)
 Metaspace       used 145866K, committed 146560K, reserved 1179648K
  class space    used 17629K, committed 17984K, reserved 1048576K
}
Event: 249.296 GC heap before
{Heap before GC invocations=185 (full 0):
 garbage-first heap   total 473088K, used 418259K [0x0000000080000000, 0x0000000100000000)
  region size 1024K, 233 young (238592K), 3 survivors (3072K)
 Metaspace       used 145866K, committed 146560K, reserved 1179648K
  class space    used 17629K, committed 17984K, reserved 1048576K
}
Event: 249.300 GC heap after
{Heap after GC invocations=186 (full 0):
 garbage-first heap   total 473088K, used 183509K [0x0000000080000000, 0x0000000100000000)
  region size 1024K, 4 young (4096K), 4 survivors (4096K)
 Metaspace       used 145866K, committed 146560K, reserved 1179648K
  class space    used 17629K, committed 17984K, reserved 1048576K
}
Event: 250.923 GC heap before
{Heap before GC invocations=186 (full 0):
 garbage-first heap   total 473088K, used 418005K [0x0000000080000000, 0x0000000100000000)
  region size 1024K, 233 young (238592K), 4 survivors (4096K)
 Metaspace       used 145866K, committed 146560K, reserved 1179648K
  class space    used 17629K, committed 17984K, reserved 1048576K
}
Event: 250.932 GC heap after
{Heap after GC invocations=187 (full 0):
 garbage-first heap   total 473088K, used 184439K [0x0000000080000000, 0x0000000100000000)
  region size 1024K, 5 young (5120K), 5 survivors (5120K)
 Metaspace       used 145866K, committed 146560K, reserved 1179648K
  class space    used 17629K, committed 17984K, reserved 1048576K
}
Event: 252.888 GC heap before
{Heap before GC invocations=187 (full 0):
 garbage-first heap   total 473088K, used 417911K [0x0000000080000000, 0x0000000100000000)
  region size 1024K, 233 young (238592K), 5 survivors (5120K)
 Metaspace       used 145866K, committed 146560K, reserved 1179648K
  class space    used 17629K, committed 17984K, reserved 1048576K
}
Event: 252.896 GC heap after
{Heap after GC invocations=188 (full 0):
 garbage-first heap   total 473088K, used 186246K [0x0000000080000000, 0x0000000100000000)
  region size 1024K, 7 young (7168K), 7 survivors (7168K)
 Metaspace       used 145866K, committed 146560K, reserved 1179648K
  class space    used 17629K, committed 17984K, reserved 1048576K
}
Event: 254.743 GC heap before
{Heap before GC invocations=188 (full 0):
 garbage-first heap   total 473088K, used 416646K [0x0000000080000000, 0x0000000100000000)
  region size 1024K, 232 young (237568K), 7 survivors (7168K)
 Metaspace       used 145870K, committed 146560K, reserved 1179648K
  class space    used 17629K, committed 17984K, reserved 1048576K
}
Event: 254.754 GC heap after
{Heap after GC invocations=189 (full 0):
 garbage-first heap   total 473088K, used 187541K [0x0000000080000000, 0x0000000100000000)
  region size 1024K, 8 young (8192K), 8 survivors (8192K)
 Metaspace       used 145870K, committed 146560K, reserved 1179648K
  class space    used 17629K, committed 17984K, reserved 1048576K
}
Event: 256.330 GC heap before
{Heap before GC invocations=189 (full 0):
 garbage-first heap   total 473088K, used 415893K [0x0000000080000000, 0x0000000100000000)
  region size 1024K, 231 young (236544K), 8 survivors (8192K)
 Metaspace       used 145870K, committed 146560K, reserved 1179648K
  class space    used 17629K, committed 17984K, reserved 1048576K
}
Event: 256.341 GC heap after
{Heap after GC invocations=190 (full 0):
 garbage-first heap   total 473088K, used 189006K [0x0000000080000000, 0x0000000100000000)
  region size 1024K, 9 young (9216K), 9 survivors (9216K)
 Metaspace       used 145870K, committed 146560K, reserved 1179648K
  class space    used 17629K, committed 17984K, reserved 1048576K
}
Event: 257.930 GC heap before
{Heap before GC invocations=190 (full 0):
 garbage-first heap   total 473088K, used 415310K [0x0000000080000000, 0x0000000100000000)
  region size 1024K, 230 young (235520K), 9 survivors (9216K)
 Metaspace       used 145870K, committed 146560K, reserved 1179648K
  class space    used 17629K, committed 17984K, reserved 1048576K
}
Event: 257.941 GC heap after
{Heap after GC invocations=191 (full 0):
 garbage-first heap   total 473088K, used 190142K [0x0000000080000000, 0x0000000100000000)
  region size 1024K, 10 young (10240K), 10 survivors (10240K)
 Metaspace       used 145870K, committed 146560K, reserved 1179648K
  class space    used 17629K, committed 17984K, reserved 1048576K
}
Event: 259.784 GC heap before
{Heap before GC invocations=191 (full 0):
 garbage-first heap   total 473088K, used 414398K [0x0000000080000000, 0x0000000100000000)
  region size 1024K, 229 young (234496K), 10 survivors (10240K)
 Metaspace       used 145870K, committed 146560K, reserved 1179648K
  class space    used 17629K, committed 17984K, reserved 1048576K
}
Event: 259.800 GC heap after
{Heap after GC invocations=192 (full 0):
 garbage-first heap   total 473088K, used 191834K [0x0000000080000000, 0x0000000100000000)
  region size 1024K, 12 young (12288K), 12 survivors (12288K)
 Metaspace       used 145870K, committed 146560K, reserved 1179648K
  class space    used 17629K, committed 17984K, reserved 1048576K
}
Event: 266.043 GC heap before
{Heap before GC invocations=192 (full 0):
 garbage-first heap   total 473088K, used 414042K [0x0000000080000000, 0x0000000100000000)
  region size 1024K, 227 young (232448K), 12 survivors (12288K)
 Metaspace       used 145999K, committed 146688K, reserved 1179648K
  class space    used 17651K, committed 17984K, reserved 1048576K
}
Event: 266.047 GC heap after
{Heap after GC invocations=193 (full 0):
 garbage-first heap   total 473088K, used 178899K [0x0000000080000000, 0x0000000100000000)
  region size 1024K, 2 young (2048K), 2 survivors (2048K)
 Metaspace       used 145999K, committed 146688K, reserved 1179648K
  class space    used 17651K, committed 17984K, reserved 1048576K
}
Event: 268.506 GC heap before
{Heap before GC invocations=193 (full 0):
 garbage-first heap   total 473088K, used 422611K [0x0000000080000000, 0x0000000100000000)
  region size 1024K, 237 young (242688K), 2 survivors (2048K)
 Metaspace       used 146005K, committed 146752K, reserved 1179648K
  class space    used 17651K, committed 17984K, reserved 1048576K
}
Event: 268.509 GC heap after
{Heap after GC invocations=194 (full 0):
 garbage-first heap   total 473088K, used 177911K [0x0000000080000000, 0x0000000100000000)
  region size 1024K, 1 young (1024K), 1 survivors (1024K)
 Metaspace       used 146005K, committed 146752K, reserved 1179648K
  class space    used 17651K, committed 17984K, reserved 1048576K
}

